Port 1
ATR: 3B F9 13 00 FF 40 80 5A 43 34 2E 31 20 52 53 41
-> C0 0E 00 00 00
<- 6C 06

-> C0 0E 00 00 06
<- 45 50 55 52 53 45 90 00



-> 80 0A 00 00 0C 00 00 00 00 00 00 45 50 55 52 53 45
<- 61 0C

-> 00 C0 00 00 0C
<- 00 01 86 A0 00 03 64 69 64 69 65 72 90 00

-> 80 20 00 00 04 00 01 86 A0
<- 61 04

-> 00 C0 00 00 04
<- 00 01 86 A0 90 00

-> 80 02 00 00 04 31 32 33 34
<- 61 04

-> 00 C0 00 00 04
<- 31 32 33 34 90 00


-> 80 06 00 00 04 00 00 27 10
<- 61 04

-> 00 C0 00 00 04
<- 00 00 27 10 90 00
